2023-07-21 18:51:00.643  INFO 6268 --- [restartedMain] e.a.n.RestaurantesmalagaprofeApplication : Starting RestaurantesmalagaprofeApplication using Java 17.0.7 on DESKTOP-9IJELFU with PID 6268 (D:\cursospringboot\malaganubespring\malaganubespring\restaurantesmalagaprofe\target\classes started by javeg in D:\cursospringboot\malaganubespring\malaganubespring\restaurantesmalagaprofe)
2023-07-21 18:51:00.644 DEBUG 6268 --- [restartedMain] e.a.n.RestaurantesmalagaprofeApplication : Running with Spring Boot v2.7.13, Spring v5.3.28
2023-07-21 18:51:00.645  INFO 6268 --- [restartedMain] e.a.n.RestaurantesmalagaprofeApplication : No active profile set, falling back to 1 default profile: "default"
2023-07-21 18:51:00.696  INFO 6268 --- [restartedMain] .e.DevToolsPropertyDefaultsPostProcessor : Devtools property defaults active! Set 'spring.devtools.add-properties' to 'false' to disable
2023-07-21 18:51:00.697  INFO 6268 --- [restartedMain] .e.DevToolsPropertyDefaultsPostProcessor : For additional web related logging consider setting the 'logging.level.web' property to 'DEBUG'
2023-07-21 18:51:01.378  INFO 6268 --- [restartedMain] .s.d.r.c.RepositoryConfigurationDelegate : Bootstrapping Spring Data JPA repositories in DEFAULT mode.
2023-07-21 18:51:01.425  INFO 6268 --- [restartedMain] .s.d.r.c.RepositoryConfigurationDelegate : Finished Spring Data repository scanning in 38 ms. Found 1 JPA repository interfaces.
2023-07-21 18:51:01.986  INFO 6268 --- [restartedMain] o.s.b.w.embedded.tomcat.TomcatWebServer  : Tomcat initialized with port(s): 8081 (http)
2023-07-21 18:51:02.000  INFO 6268 --- [restartedMain] o.apache.catalina.core.StandardService   : Starting service [Tomcat]
2023-07-21 18:51:02.000  INFO 6268 --- [restartedMain] org.apache.catalina.core.StandardEngine  : Starting Servlet engine: [Apache Tomcat/9.0.76]
2023-07-21 18:51:02.081  INFO 6268 --- [restartedMain] o.a.c.c.C.[Tomcat].[localhost].[/]       : Initializing Spring embedded WebApplicationContext
2023-07-21 18:51:02.082  INFO 6268 --- [restartedMain] w.s.c.ServletWebServerApplicationContext : Root WebApplicationContext: initialization completed in 1385 ms
2023-07-21 18:51:02.212  INFO 6268 --- [restartedMain] o.hibernate.jpa.internal.util.LogHelper  : HHH000204: Processing PersistenceUnitInfo [name: default]
2023-07-21 18:51:02.263  INFO 6268 --- [restartedMain] org.hibernate.Version                    : HHH000412: Hibernate ORM core version 5.6.15.Final
2023-07-21 18:51:02.435  INFO 6268 --- [restartedMain] o.hibernate.annotations.common.Version   : HCANN000001: Hibernate Commons Annotations {5.1.2.Final}
2023-07-21 18:51:02.540  INFO 6268 --- [restartedMain] com.zaxxer.hikari.HikariDataSource       : HikariPool-1 - Starting...
2023-07-21 18:51:02.887  INFO 6268 --- [restartedMain] com.zaxxer.hikari.HikariDataSource       : HikariPool-1 - Start completed.
2023-07-21 18:51:02.905  INFO 6268 --- [restartedMain] org.hibernate.dialect.Dialect            : HHH000400: Using dialect: org.hibernate.dialect.MySQL8Dialect
2023-07-21 18:51:03.564  INFO 6268 --- [restartedMain] o.h.e.t.j.p.i.JtaPlatformInitiator       : HHH000490: Using JtaPlatform implementation: [org.hibernate.engine.transaction.jta.platform.internal.NoJtaPlatform]
2023-07-21 18:51:03.575  INFO 6268 --- [restartedMain] j.LocalContainerEntityManagerFactoryBean : Initialized JPA EntityManagerFactory for persistence unit 'default'
2023-07-21 18:51:04.003  WARN 6268 --- [restartedMain] JpaBaseConfiguration$JpaWebConfiguration : spring.jpa.open-in-view is enabled by default. Therefore, database queries may be performed during view rendering. Explicitly configure spring.jpa.open-in-view to disable this warning
2023-07-21 18:51:04.370  INFO 6268 --- [restartedMain] o.s.b.d.a.OptionalLiveReloadServer       : LiveReload server is running on port 35729
2023-07-21 18:51:04.419  INFO 6268 --- [restartedMain] o.s.b.w.embedded.tomcat.TomcatWebServer  : Tomcat started on port(s): 8081 (http) with context path ''
2023-07-21 18:51:04.430  INFO 6268 --- [restartedMain] e.a.n.RestaurantesmalagaprofeApplication : Started RestaurantesmalagaprofeApplication in 4.231 seconds (JVM running for 5.049)
2023-07-21 18:52:36.215  INFO 6268 --- [http-nio-8081-exec-2] o.a.c.c.C.[Tomcat].[localhost].[/]       : Initializing Spring DispatcherServlet 'dispatcherServlet'
2023-07-21 18:52:36.215  INFO 6268 --- [http-nio-8081-exec-2] o.s.web.servlet.DispatcherServlet        : Initializing Servlet 'dispatcherServlet'
2023-07-21 18:52:36.216  INFO 6268 --- [http-nio-8081-exec-2] o.s.web.servlet.DispatcherServlet        : Completed initialization in 1 ms
2023-07-21 18:52:36.246 DEBUG 6268 --- [http-nio-8081-exec-2] e.a.n.controller.RestauranteController   : ATENDIDO POR EL PUERTO 8081
2023-07-21 19:05:09.647  INFO 6268 --- [RMI TCP Connection(23)-127.0.0.1] inMXBeanRegistrar$SpringApplicationAdmin : Application shutdown requested.
2023-07-21 19:05:09.660  INFO 6268 --- [RMI TCP Connection(23)-127.0.0.1] o.apache.catalina.core.StandardService   : Stopping service [Tomcat]
2023-07-21 19:05:09.661  INFO 6268 --- [RMI TCP Connection(23)-127.0.0.1] o.a.c.c.C.[Tomcat].[localhost].[/]       : Destroying Spring FrameworkServlet 'dispatcherServlet'
2023-07-21 19:05:09.667  INFO 6268 --- [RMI TCP Connection(23)-127.0.0.1] j.LocalContainerEntityManagerFactoryBean : Closing JPA EntityManagerFactory for persistence unit 'default'
2023-07-21 19:05:09.671  INFO 6268 --- [RMI TCP Connection(23)-127.0.0.1] com.zaxxer.hikari.HikariDataSource       : HikariPool-1 - Shutdown initiated...
2023-07-21 19:05:09.679  INFO 6268 --- [RMI TCP Connection(23)-127.0.0.1] com.zaxxer.hikari.HikariDataSource       : HikariPool-1 - Shutdown completed.
